2020-04-15 10:45:13,376 [INFO] from play.api.db.DefaultDBApi in play-dev-mode-akka.actor.default-dispatcher-10 - Database [default] initialized at jdbc:h2:mem:play;DB_CLOSE_DELAY=-1
2020-04-15 10:45:13,390 [INFO] from play.api.db.HikariCPConnectionPool in play-dev-mode-akka.actor.default-dispatcher-10 - Creating Pool for datasource 'default'
2020-04-15 10:45:13,443 [INFO] from play.api.db.HikariCPConnectionPool in play-dev-mode-akka.actor.default-dispatcher-10 - datasource [default] bound to JNDI as DefaultDS
2020-04-15 10:45:16,698 [INFO] from play.api.http.EnabledFilters in play-dev-mode-akka.actor.default-dispatcher-10 - Enabled Filters (see <https://www.playframework.com/documentation/latest/Filters>):

    play.filters.csrf.CSRFFilter
    play.filters.headers.SecurityHeadersFilter
    play.filters.hosts.AllowedHostsFilter

2020-04-15 10:45:16,707 [INFO] from play.api.Play in play-dev-mode-akka.actor.default-dispatcher-10 - Application started (Dev) (no global state)
2020-04-15 10:47:28,152 [INFO] from play.api.db.HikariCPConnectionPool in application-akka.actor.internal-dispatcher-7 - Shutting down connection pool.
2020-04-15 10:47:28,572 [INFO] from play.api.db.DefaultDBApi in play-dev-mode-akka.actor.default-dispatcher-21 - Database [default] initialized at jdbc:h2:mem:play;DB_CLOSE_DELAY=-1
2020-04-15 10:47:28,572 [INFO] from play.api.db.HikariCPConnectionPool in play-dev-mode-akka.actor.default-dispatcher-21 - Creating Pool for datasource 'default'
2020-04-15 10:47:28,583 [INFO] from play.api.db.HikariCPConnectionPool in play-dev-mode-akka.actor.default-dispatcher-21 - datasource [default] bound to JNDI as DefaultDS
2020-04-15 10:47:29,036 [INFO] from play.api.http.EnabledFilters in play-dev-mode-akka.actor.default-dispatcher-21 - Enabled Filters (see <https://www.playframework.com/documentation/latest/Filters>):

    play.filters.csrf.CSRFFilter
    play.filters.headers.SecurityHeadersFilter
    play.filters.hosts.AllowedHostsFilter

2020-04-15 10:47:29,042 [INFO] from play.api.Play in play-dev-mode-akka.actor.default-dispatcher-21 - Application started (Dev) (no global state)
2020-04-15 10:48:07,466 [INFO] from play.api.db.HikariCPConnectionPool in application-akka.actor.internal-dispatcher-15 - Shutting down connection pool.
2020-04-15 10:48:07,959 [INFO] from play.api.db.DefaultDBApi in play-dev-mode-akka.actor.default-dispatcher-13 - Database [default] initialized at jdbc:h2:mem:play;DB_CLOSE_DELAY=-1
2020-04-15 10:48:07,959 [INFO] from play.api.db.HikariCPConnectionPool in play-dev-mode-akka.actor.default-dispatcher-13 - Creating Pool for datasource 'default'
2020-04-15 10:48:07,961 [INFO] from play.api.db.HikariCPConnectionPool in play-dev-mode-akka.actor.default-dispatcher-13 - datasource [default] bound to JNDI as DefaultDS
2020-04-15 10:48:08,302 [INFO] from play.api.http.EnabledFilters in play-dev-mode-akka.actor.default-dispatcher-13 - Enabled Filters (see <https://www.playframework.com/documentation/latest/Filters>):

    play.filters.csrf.CSRFFilter
    play.filters.headers.SecurityHeadersFilter
    play.filters.hosts.AllowedHostsFilter

2020-04-15 10:48:08,320 [INFO] from play.api.Play in play-dev-mode-akka.actor.default-dispatcher-13 - Application started (Dev) (no global state)
2020-04-15 11:06:41,539 [INFO] from play.core.server.AkkaHttpServer in play-dev-mode-shutdown-hook-1 - Stopping Akka HTTP server...
2020-04-15 11:06:41,543 [INFO] from play.core.server.AkkaHttpServer in play-dev-mode-akka.actor.internal-dispatcher-42 - Terminating server binding for /0:0:0:0:0:0:0:0:9000
2020-04-15 11:06:44,130 [INFO] from play.api.db.HikariCPConnectionPool in application-akka.actor.internal-dispatcher-27 - Shutting down connection pool.
2020-04-15 11:06:44,552 [INFO] from play.api.db.DefaultDBApi in play-dev-mode-akka.actor.internal-dispatcher-42 - Database [default] initialized at jdbc:h2:mem:play;DB_CLOSE_DELAY=-1
2020-04-15 11:06:44,552 [INFO] from play.api.db.HikariCPConnectionPool in play-dev-mode-akka.actor.internal-dispatcher-42 - Creating Pool for datasource 'default'
2020-04-15 11:06:44,555 [INFO] from play.api.db.HikariCPConnectionPool in play-dev-mode-akka.actor.internal-dispatcher-42 - datasource [default] bound to JNDI as DefaultDS
2020-04-15 11:06:44,986 [INFO] from play.api.http.EnabledFilters in play-dev-mode-akka.actor.internal-dispatcher-42 - Enabled Filters (see <https://www.playframework.com/documentation/latest/Filters>):

    play.filters.csrf.CSRFFilter
    play.filters.headers.SecurityHeadersFilter
    play.filters.hosts.AllowedHostsFilter

2020-04-15 11:06:44,990 [INFO] from play.api.Play in play-dev-mode-akka.actor.internal-dispatcher-42 - Application started (Dev) (no global state)
2020-04-15 11:06:45,002 [INFO] from play.api.db.HikariCPConnectionPool in application-akka.actor.internal-dispatcher-4 - Shutting down connection pool.
2020-04-15 11:06:45,116 [INFO] from play.core.server.AkkaHttpServer in play-dev-mode-akka.actor.internal-dispatcher-42 - Running provided shutdown stop hooks
